Using pre-set license
Built from '2021.1/release' branch; Version is '2021.1.0f1 (61a549675243) revision 6399305'; Using compiler version '192528614'; Build Type 'Release'
OS: 'Windows 10 Pro; OS build 18363.1440; Version 1909; 64bit' Language: 'en' Physical Memory: 16323 MB
BatchMode: 1, IsHumanControllingUs: 0, StartBugReporterOnCrash: 0, Is64bit: 1, IsPro: 0

 COMMAND LINE ARGUMENTS:
C:\Program Files\Unity\Hub\Editor\2021.1.0f1\Editor\Unity.exe
-adb2
-batchMode
-noUpm
-name
AssetImportWorker0
-projectPath
D:/MyDev/KingdomWar
-logFile
Logs/AssetImportWorker0.log
-srvPort
54607
Successfully changed project path to: D:/MyDev/KingdomWar
D:/MyDev/KingdomWar
Using Asset Import Pipeline V2.
Refreshing native plugins compatible for Editor in 40.06 ms, found 1 plugins.
Preloading 0 native plugins for Editor in 0.00 ms.
Initialize engine version: 2021.1.0f1 (61a549675243)
[Subsystems] Discovering subsystems at path C:/Program Files/Unity/Hub/Editor/2021.1.0f1/Editor/Data/Resources/UnitySubsystems
[Subsystems] Discovering subsystems at path D:/MyDev/KingdomWar/Assets
GfxDevice: creating device client; threaded=0; jobified=0
Direct3D:
    Version:  Direct3D 11.0 [level 11.1]
    Renderer: NVIDIA GeForce GTX 1060 6GB (ID=0x1c03)
    Vendor:   NVIDIA
    VRAM:     6052 MB
    Driver:   27.21.14.5671
Initialize mono
Mono path[0] = 'C:/Program Files/Unity/Hub/Editor/2021.1.0f1/Editor/Data/Managed'
Mono path[1] = 'C:/Program Files/Unity/Hub/Editor/2021.1.0f1/Editor/Data/MonoBleedingEdge/lib/mono/unityjit'
Mono config path = 'C:/Program Files/Unity/Hub/Editor/2021.1.0f1/Editor/Data/MonoBleedingEdge/etc'
Using monoOptions --debugger-agent=transport=dt_socket,embedding=1,server=y,suspend=n,address=127.0.0.1:56032
Begin MonoManager ReloadAssembly
Registering precompiled unity dll's ...
Register platform support module: C:/Program Files/Unity/Hub/Editor/2021.1.0f1/Editor/Data/PlaybackEngines/WindowsStandaloneSupport/UnityEditor.WindowsStandalone.Extensions.dll
Registered in 0.002871 seconds.
Native extension for WindowsStandalone target not found
Refreshing native plugins compatible for Editor in 55.24 ms, found 1 plugins.
Preloading 0 native plugins for Editor in 0.00 ms.
Mono: successfully reloaded assembly
- Completed reload, in  2.652 seconds
Platform modules already initialized, skipping
Registering precompiled user dll's ...
Registered in 0.000772 seconds.
Begin MonoManager ReloadAssembly
Native extension for WindowsStandalone target not found
Refreshing native plugins compatible for Editor in 39.91 ms, found 1 plugins.
Preloading 0 native plugins for Editor in 0.00 ms.
Mono: successfully reloaded assembly
- Completed reload, in  1.507 seconds
Platform modules already initialized, skipping
========================================================================
Worker process is ready to serve import requests
Launched and connected shader compiler UnityShaderCompiler.exe after 0.05 seconds
Refreshing native plugins compatible for Editor in 0.50 ms, found 1 plugins.
Preloading 0 native plugins for Editor in 0.00 ms.
Unloading 1837 Unused Serialized files (Serialized files now loaded: 0)
System memory in use before: 86.8 MB.
System memory in use after: 86.9 MB.

Unloading 19 unused Assets to reduce memory usage. Loaded Objects now: 2298.
Total: 3.818800 ms (FindLiveObjects: 0.272400 ms CreateObjectMapping: 0.101000 ms MarkObjects: 3.342700 ms  DeleteObjects: 0.100800 ms)

========================================================================
Received Import Request.
  path: Assets/TheGameSc.cs
  artifactKey: Guid(dce4fb56153728441bb3f7dce5436f81) Importer(815301076,1909f56bfc062723c751e8b465ee728b)
Start importing Assets/TheGameSc.cs using Guid(dce4fb56153728441bb3f7dce5436f81) Importer(815301076,1909f56bfc062723c751e8b465ee728b)  -> (artifact id: '8403d06c8a5559d378d3c9778c54bc69') in 0.053923 seconds 
========================================================================
Received Import Request.
  Time since last request: 312.994124 seconds.
  path: Assets/Sprites/Map/arrow.png
  artifactKey: Guid(3168835ec8a6ca54e92b9f4e88fca7a9) Importer(815301076,1909f56bfc062723c751e8b465ee728b)
Start importing Assets/Sprites/Map/arrow.png using Guid(3168835ec8a6ca54e92b9f4e88fca7a9) Importer(815301076,1909f56bfc062723c751e8b465ee728b)  -> (artifact id: '720ec2020baccd2e79c4fadefa8aa086') in 0.200082 seconds 
========================================================================
Received Import Request.
  Time since last request: 0.000269 seconds.
  path: Assets/Sprites/Map/map.png
  artifactKey: Guid(e91df52f8e054d941bdeca3f5b4dd1f6) Importer(815301076,1909f56bfc062723c751e8b465ee728b)
Start importing Assets/Sprites/Map/map.png using Guid(e91df52f8e054d941bdeca3f5b4dd1f6) Importer(815301076,1909f56bfc062723c751e8b465ee728b)  -> (artifact id: '0ca736326917a726af5aa67896b60308') in 0.054023 seconds 
========================================================================
Received Import Request.
  Time since last request: 40521.011850 seconds.
  path: Assets/Prefabs/GameObjects/Castle.prefab
  artifactKey: Guid(f0ff8fc48b79f2b45b7f36a2175e8c65) Importer(815301076,1909f56bfc062723c751e8b465ee728b)
Start importing Assets/Prefabs/GameObjects/Castle.prefab using Guid(f0ff8fc48b79f2b45b7f36a2175e8c65) Importer(815301076,1909f56bfc062723c751e8b465ee728b)  -> (artifact id: '1e3bef27413813cccacf0ee793fba4db') in 0.302612 seconds 
========================================================================
Received Import Request.
  Time since last request: 0.235195 seconds.
  path: Assets/Prefabs/UI/Scroller.prefab
  artifactKey: Guid(1c88e95cb20caa847a1e54eeb7e1c343) Importer(815301076,1909f56bfc062723c751e8b465ee728b)
Start importing Assets/Prefabs/UI/Scroller.prefab using Guid(1c88e95cb20caa847a1e54eeb7e1c343) Importer(815301076,1909f56bfc062723c751e8b465ee728b)  -> (artifact id: 'efff2d23a1ab32108b55544618a56202') in 0.094833 seconds 
========================================================================
Received Import Request.
  Time since last request: 19.940474 seconds.
  path: Assets/Prefabs/GameObjects/Army.prefab
  artifactKey: Guid(2eb56c38e42ef73478cb2de8c666ce34) Importer(815301076,1909f56bfc062723c751e8b465ee728b)
Start importing Assets/Prefabs/GameObjects/Army.prefab using Guid(2eb56c38e42ef73478cb2de8c666ce34) Importer(815301076,1909f56bfc062723c751e8b465ee728b)  -> (artifact id: 'e95b9ff7142818a674ed186ce8129b6a') in 0.018066 seconds 
========================================================================
Received Import Request.
  Time since last request: 26.502948 seconds.
  path: Assets/Prefabs/GameObjects/Army.prefab
  artifactKey: Guid(2eb56c38e42ef73478cb2de8c666ce34) Importer(815301076,1909f56bfc062723c751e8b465ee728b)
Start importing Assets/Prefabs/GameObjects/Army.prefab using Guid(2eb56c38e42ef73478cb2de8c666ce34) Importer(815301076,1909f56bfc062723c751e8b465ee728b)  -> (artifact id: '1ca91f98a7052504b30e7b396a1a085a') in 0.005737 seconds 
========================================================================
Received Import Request.
  Time since last request: 60.364479 seconds.
  path: Assets/Sprites/Castles/castle.png
  artifactKey: Guid(e41e8b1330d74824fa61eb92716a7b7e) Importer(815301076,1909f56bfc062723c751e8b465ee728b)
Start importing Assets/Sprites/Castles/castle.png using Guid(e41e8b1330d74824fa61eb92716a7b7e) Importer(815301076,1909f56bfc062723c751e8b465ee728b)  -> (artifact id: '1feb38089e316d1a8cd152e12e047e75') in 0.079262 seconds 
========================================================================
Received Import Request.
  Time since last request: 6.988738 seconds.
  path: Assets/Sprites/Armies
  artifactKey: Guid(bc55ccdfa5d884f4f95c165507d6bfe8) Importer(815301076,1909f56bfc062723c751e8b465ee728b)
Start importing Assets/Sprites/Armies using Guid(bc55ccdfa5d884f4f95c165507d6bfe8) Importer(815301076,1909f56bfc062723c751e8b465ee728b)  -> (artifact id: 'b0ff977c436abde37eac5b817b25644e') in 0.015628 seconds 
========================================================================
Received Import Request.
  Time since last request: 101.046506 seconds.
  path: Assets/Sprites/Armies/empty_shield.png
  artifactKey: Guid(0b41b46d0a8f22645a179edb36a448b0) Importer(815301076,1909f56bfc062723c751e8b465ee728b)
Start importing Assets/Sprites/Armies/empty_shield.png using Guid(0b41b46d0a8f22645a179edb36a448b0) Importer(815301076,1909f56bfc062723c751e8b465ee728b)  -> (artifact id: 'b74bbb36ec3723d9692c2e2c73549aff') in 0.039541 seconds 
========================================================================
Received Import Request.
  Time since last request: 12.463251 seconds.
  path: Assets/Prefabs/GameObjects/Army.prefab
  artifactKey: Guid(2eb56c38e42ef73478cb2de8c666ce34) Importer(815301076,1909f56bfc062723c751e8b465ee728b)
Start importing Assets/Prefabs/GameObjects/Army.prefab using Guid(2eb56c38e42ef73478cb2de8c666ce34) Importer(815301076,1909f56bfc062723c751e8b465ee728b)  -> (artifact id: 'a30dd22bb9715577445c7588943aa8b6') in 0.041321 seconds 
========================================================================
Received Import Request.
  Time since last request: 38.253645 seconds.
  path: ProjectSettings/TagManager.asset
  artifactKey: Guid(00000000000000003000000000000000) Importer(815301076,1909f56bfc062723c751e8b465ee728b)
Start importing ProjectSettings/TagManager.asset using Guid(00000000000000003000000000000000) Importer(815301076,1909f56bfc062723c751e8b465ee728b)  -> (artifact id: 'ef6eb30ab535b9c6402bb94482873ead') in 0.033555 seconds 
========================================================================
Received Import Request.
  Time since last request: 15.915071 seconds.
  path: Assets/Prefabs/GameObjects/Army.prefab
  artifactKey: Guid(2eb56c38e42ef73478cb2de8c666ce34) Importer(815301076,1909f56bfc062723c751e8b465ee728b)
Start importing Assets/Prefabs/GameObjects/Army.prefab using Guid(2eb56c38e42ef73478cb2de8c666ce34) Importer(815301076,1909f56bfc062723c751e8b465ee728b)  -> (artifact id: '93e7b006ca9f19cf1040f6102d94d4b2') in 0.027342 seconds 
========================================================================
Received Import Request.
  Time since last request: 17.361203 seconds.
  path: Assets/Prefabs/GameObjects/Army.prefab
  artifactKey: Guid(2eb56c38e42ef73478cb2de8c666ce34) Importer(815301076,1909f56bfc062723c751e8b465ee728b)
Start importing Assets/Prefabs/GameObjects/Army.prefab using Guid(2eb56c38e42ef73478cb2de8c666ce34) Importer(815301076,1909f56bfc062723c751e8b465ee728b)  -> (artifact id: '577abcc77f2d5e46b5be2f544c86c5c6') in 0.032819 seconds 
========================================================================
Received Import Request.
  Time since last request: 48.799662 seconds.
  path: Assets/Prefabs/GameObjects/Army.prefab
  artifactKey: Guid(2eb56c38e42ef73478cb2de8c666ce34) Importer(815301076,1909f56bfc062723c751e8b465ee728b)
Start importing Assets/Prefabs/GameObjects/Army.prefab using Guid(2eb56c38e42ef73478cb2de8c666ce34) Importer(815301076,1909f56bfc062723c751e8b465ee728b)  -> (artifact id: 'e2d5e4b8e712ca951e87e795e321b8c4') in 0.028226 seconds 
========================================================================
Received Import Request.
  Time since last request: 18.598145 seconds.
  path: Assets/Prefabs/GameObjects/Army.prefab
  artifactKey: Guid(2eb56c38e42ef73478cb2de8c666ce34) Importer(815301076,1909f56bfc062723c751e8b465ee728b)
Start importing Assets/Prefabs/GameObjects/Army.prefab using Guid(2eb56c38e42ef73478cb2de8c666ce34) Importer(815301076,1909f56bfc062723c751e8b465ee728b)  -> (artifact id: '78d975d51fcab6041758669107008239') in 0.018309 seconds 
========================================================================
Received Import Request.
  Time since last request: 18.680270 seconds.
  path: Assets/Prefabs/GameObjects/Army.prefab
  artifactKey: Guid(2eb56c38e42ef73478cb2de8c666ce34) Importer(815301076,1909f56bfc062723c751e8b465ee728b)
Start importing Assets/Prefabs/GameObjects/Army.prefab using Guid(2eb56c38e42ef73478cb2de8c666ce34) Importer(815301076,1909f56bfc062723c751e8b465ee728b)  -> (artifact id: '886dd74f70e436bbe0a828c002fe4e90') in 0.041505 seconds 
========================================================================
Received Import Request.
  Time since last request: 117.039262 seconds.
  path: Assets/ArmySc.cs
  artifactKey: Guid(54bf380fc45a596429a103818901dd97) Importer(815301076,1909f56bfc062723c751e8b465ee728b)
Start importing Assets/ArmySc.cs using Guid(54bf380fc45a596429a103818901dd97) Importer(815301076,1909f56bfc062723c751e8b465ee728b)  -> (artifact id: '0622f6d70dc23fcafa22c5fe20bbe827') in 0.019887 seconds 
========================================================================
Received Import Request.
  Time since last request: 39.290128 seconds.
  path: Assets/Scripts/MapObjects/Armies/ArmySc.cs
  artifactKey: Guid(54bf380fc45a596429a103818901dd97) Importer(815301076,1909f56bfc062723c751e8b465ee728b)
Start importing Assets/Scripts/MapObjects/Armies/ArmySc.cs using Guid(54bf380fc45a596429a103818901dd97) Importer(815301076,1909f56bfc062723c751e8b465ee728b)  -> (artifact id: '343770b9549ec2a7f7ea5fb6f50ba252') in 0.003269 seconds 
========================================================================
Received Import Request.
  Time since last request: 9.635418 seconds.
  path: Assets/Scripts/MapObjects/Armies/ArmySc.cs
  artifactKey: Guid(54bf380fc45a596429a103818901dd97) Importer(815301076,1909f56bfc062723c751e8b465ee728b)
Start importing Assets/Scripts/MapObjects/Armies/ArmySc.cs using Guid(54bf380fc45a596429a103818901dd97) Importer(815301076,1909f56bfc062723c751e8b465ee728b)  -> (artifact id: 'cc6da42747eae774bb8ec768eaba36a2') in 0.003301 seconds 
========================================================================
Received Import Request.
  Time since last request: 32.661692 seconds.
  path: Assets/Scripts/MapObjects/Armies/ArmySc.cs
  artifactKey: Guid(54bf380fc45a596429a103818901dd97) Importer(815301076,1909f56bfc062723c751e8b465ee728b)
Start importing Assets/Scripts/MapObjects/Armies/ArmySc.cs using Guid(54bf380fc45a596429a103818901dd97) Importer(815301076,1909f56bfc062723c751e8b465ee728b)  -> (artifact id: '1c39560fbec514cb88f95620440ead6c') in 0.004739 seconds 
========================================================================
Received Prepare
Registering precompiled user dll's ...
Registered in 0.063252 seconds.
Begin MonoManager ReloadAssembly
Native extension for WindowsStandalone target not found
Refreshing native plugins compatible for Editor in 0.45 ms, found 1 plugins.
Preloading 0 native plugins for Editor in 0.00 ms.
Mono: successfully reloaded assembly
- Completed reload, in  1.421 seconds
Platform modules already initialized, skipping
Switching build target platform(19) subTarget(0) extendedPlatform(0) -> platform(13) subTarget(537395200) extendedPlatform(0)
Refreshing native plugins compatible for Editor in 0.44 ms, found 1 plugins.
Preloading 0 native plugins for Editor in 0.00 ms.
Unloading 1849 Unused Serialized files (Serialized files now loaded: 0)
System memory in use before: 100.8 MB.
System memory in use after: 100.9 MB.

Unloading 9 unused Assets to reduce memory usage. Loaded Objects now: 2390.
Total: 3.521200 ms (FindLiveObjects: 0.380000 ms CreateObjectMapping: 0.115200 ms MarkObjects: 2.976400 ms  DeleteObjects: 0.031900 ms)

AssetImportParameters requested are different than current active one (requested -> active):
  custom:graphics/normal-map-encoding: 01000000000000000000000000000000 -> 02000000000000000000000000000000
